<?xml version="1.0" encoding="UTF-8"?>
<!-- Generated by org.testng.reporters.JUnitReportReporter -->
<testsuite hostname="InfinityBook" failures="0" tests="4" name="api.test.UserTest" time="4.127" errors="0" timestamp="2024-06-14T21:11:10 CEST" skipped="0">
  <testcase classname="api.test.UserTest" name="testPostUser" time="1.875"/>
  <testcase classname="api.test.UserTest" name="testGetUserByName" time="0.577"/>
  <testcase classname="api.test.UserTest" name="testUpdateUser" time="1.119"/>
  <testcase classname="api.test.UserTest" name="testDeleteUserByName" time="0.556"/>
</testsuite> <!-- api.test.UserTest -->
