<?xml version="1.0" encoding="UTF-8"?>
<!-- Generated by org.testng.reporters.JUnitReportReporter -->
<testsuite hostname="InfinityBook" failures="0" tests="6" name="api.test.DataDrivenTest" time="5.279" errors="0" timestamp="2024-06-14T20:38:13 CEST" skipped="0">
  <testcase classname="api.test.DataDrivenTest" name="testPostUser" time="2.467"/>
  <testcase classname="api.test.DataDrivenTest" name="testPostUser" time="0.555"/>
  <testcase classname="api.test.DataDrivenTest" name="testPostUser" time="0.568"/>
  <testcase classname="api.test.DataDrivenTest" name="testDeleteUserByName" time="0.588"/>
  <testcase classname="api.test.DataDrivenTest" name="testDeleteUserByName" time="0.550"/>
  <testcase classname="api.test.DataDrivenTest" name="testDeleteUserByName" time="0.551"/>
</testsuite> <!-- api.test.DataDrivenTest -->
