<?xml version="1.0" encoding="UTF-8"?>
<!-- Generated by org.testng.reporters.JUnitReportReporter -->
<testsuite hostname="InfinityBook" failures="0" tests="4" name="api.test.UserTest2" time="4.409" errors="0" timestamp="2024-06-15T11:32:31 CEST" skipped="0">
  <testcase classname="api.test.UserTest2" name="testPostUser" time="1.985"/>
  <testcase classname="api.test.UserTest2" name="testGetUserByName" time="0.617"/>
  <testcase classname="api.test.UserTest2" name="testUpdateUser" time="1.206"/>
  <testcase classname="api.test.UserTest2" name="testDeleteUserByName" time="0.601"/>
</testsuite> <!-- api.test.UserTest2 -->
